{
"C:\\Projects\\nodejs\\project-skeleton\\dist\\app\\FirstClass.js":{"path":"C:\\Projects\\nodejs\\project-skeleton\\dist\\app\\FirstClass.js","s":{"1":1,"2":1,"3":1,"4":1,"5":0,"6":1,"7":1,"8":1,"9":1,"10":1,"11":1,"12":1,"13":1,"14":1,"15":1,"16":1,"17":1,"18":1},"b":{"1":[0,1],"2":[1,1],"3":[0,1],"4":[1,1],"5":[1,1],"6":[1,1],"7":[1,0]},"f":{"1":1,"2":1,"3":1,"4":1,"5":1,"6":1,"7":1,"8":1},"fnMap":{"1":{"name":"_interopRequireDefault","line":1,"loc":{"start":{"line":1,"column":13},"end":{"line":1,"column":47}}},"2":{"name":"_classCallCheck","line":1,"loc":{"start":{"line":1,"column":87},"end":{"line":1,"column":116}}},"3":{"name":"(anonymous_3)","line":1,"loc":{"start":{"line":1,"column":267},"end":{"line":1,"column":277}}},"4":{"name":"e","line":1,"loc":{"start":{"line":1,"column":278},"end":{"line":1,"column":293}}},"5":{"name":"(anonymous_5)","line":1,"loc":{"start":{"line":1,"column":451},"end":{"line":1,"column":466}}},"6":{"name":"(anonymous_6)","line":1,"loc":{"start":{"line":1,"column":595},"end":{"line":1,"column":605}}},"7":{"name":"e","line":1,"loc":{"start":{"line":1,"column":606},"end":{"line":1,"column":618}}},"8":{"name":"(anonymous_8)","line":1,"loc":{"start":{"line":1,"column":683},"end":{"line":1,"column":693}}}},"statementMap":{"1":{"start":{"line":1,"column":13},"end":{"line":1,"column":87}},"2":{"start":{"line":1,"column":48},"end":{"line":1,"column":86}},"3":{"start":{"line":1,"column":87},"end":{"line":1,"column":195}},"4":{"start":{"line":1,"column":117},"end":{"line":1,"column":194}},"5":{"start":{"line":1,"column":138},"end":{"line":1,"column":194}},"6":{"start":{"line":1,"column":195},"end":{"line":1,"column":250}},"7":{"start":{"line":1,"column":250},"end":{"line":1,"column":712}},"8":{"start":{"line":1,"column":278},"end":{"line":1,"column":444}},"9":{"start":{"line":1,"column":294},"end":{"line":1,"column":443}},"10":{"start":{"line":1,"column":322},"end":{"line":1,"column":333}},"11":{"start":{"line":1,"column":333},"end":{"line":1,"column":442}},"12":{"start":{"line":1,"column":444},"end":{"line":1,"column":506}},"13":{"start":{"line":1,"column":467},"end":{"line":1,"column":505}},"14":{"start":{"line":1,"column":606},"end":{"line":1,"column":643}},"15":{"start":{"line":1,"column":619},"end":{"line":1,"column":642}},"16":{"start":{"line":1,"column":643},"end":{"line":1,"column":708}},"17":{"start":{"line":1,"column":694},"end":{"line":1,"column":702}},"18":{"start":{"line":1,"column":712},"end":{"line":1,"column":776}}},"branchMap":{"1":{"line":1,"type":"cond-expr","locations":[{"start":{"line":1,"column":71},"end":{"line":1,"column":72}},{"start":{"line":1,"column":73},"end":{"line":1,"column":86}}]},"2":{"line":1,"type":"binary-expr","locations":[{"start":{"line":1,"column":55},"end":{"line":1,"column":56}},{"start":{"line":1,"column":58},"end":{"line":1,"column":70}}]},"3":{"line":1,"type":"if","locations":[{"start":{"line":1,"column":117},"end":{"line":1,"column":117}},{"start":{"line":1,"column":117},"end":{"line":1,"column":117}}]},"4":{"line":1,"type":"binary-expr","locations":[{"start":{"line":1,"column":346},"end":{"line":1,"column":358}},{"start":{"line":1,"column":360},"end":{"line":1,"column":362}}]},"5":{"line":1,"type":"binary-expr","locations":[{"start":{"line":1,"column":381},"end":{"line":1,"column":392}},{"start":{"line":1,"column":395},"end":{"line":1,"column":408}}]},"6":{"line":1,"type":"binary-expr","locations":[{"start":{"line":1,"column":474},"end":{"line":1,"column":475}},{"start":{"line":1,"column":477},"end":{"line":1,"column":493}}]},"7":{"line":1,"type":"binary-expr","locations":[{"start":{"line":1,"column":494},"end":{"line":1,"column":495}},{"start":{"line":1,"column":497},"end":{"line":1,"column":503}}]}},"l":{"1":1}}}
