{
"C:\\Projects\\nodejs\\project-skeleton\\dist\\app\\core\\conf\\ConfReader.js":{"path":"C:\\Projects\\nodejs\\project-skeleton\\dist\\app\\core\\conf\\ConfReader.js","s":{"1":1,"2":2,"3":1,"4":1,"5":0,"6":1,"7":1,"8":1,"9":1,"10":1,"11":1,"12":1,"13":1,"14":1,"15":1,"16":1,"17":3,"18":3,"19":1,"20":1},"b":{"1":[0,2],"2":[2,2],"3":[0,1],"4":[1,1],"5":[1,1],"6":[1,1],"7":[1,0]},"f":{"1":2,"2":1,"3":1,"4":1,"5":1,"6":1,"7":1,"8":3},"fnMap":{"1":{"name":"_interopRequireDefault","line":1,"loc":{"start":{"line":1,"column":13},"end":{"line":1,"column":47}}},"2":{"name":"_classCallCheck","line":1,"loc":{"start":{"line":1,"column":87},"end":{"line":1,"column":116}}},"3":{"name":"(anonymous_3)","line":1,"loc":{"start":{"line":1,"column":267},"end":{"line":1,"column":277}}},"4":{"name":"e","line":1,"loc":{"start":{"line":1,"column":278},"end":{"line":1,"column":293}}},"5":{"name":"(anonymous_5)","line":1,"loc":{"start":{"line":1,"column":451},"end":{"line":1,"column":466}}},"6":{"name":"(anonymous_6)","line":1,"loc":{"start":{"line":1,"column":640},"end":{"line":1,"column":650}}},"7":{"name":"e","line":1,"loc":{"start":{"line":1,"column":651},"end":{"line":1,"column":663}}},"8":{"name":"(anonymous_8)","line":1,"loc":{"start":{"line":1,"column":729},"end":{"line":1,"column":740}}}},"statementMap":{"1":{"start":{"line":1,"column":13},"end":{"line":1,"column":87}},"2":{"start":{"line":1,"column":48},"end":{"line":1,"column":86}},"3":{"start":{"line":1,"column":87},"end":{"line":1,"column":195}},"4":{"start":{"line":1,"column":117},"end":{"line":1,"column":194}},"5":{"start":{"line":1,"column":138},"end":{"line":1,"column":194}},"6":{"start":{"line":1,"column":195},"end":{"line":1,"column":250}},"7":{"start":{"line":1,"column":250},"end":{"line":1,"column":852}},"8":{"start":{"line":1,"column":278},"end":{"line":1,"column":444}},"9":{"start":{"line":1,"column":294},"end":{"line":1,"column":443}},"10":{"start":{"line":1,"column":322},"end":{"line":1,"column":333}},"11":{"start":{"line":1,"column":333},"end":{"line":1,"column":442}},"12":{"start":{"line":1,"column":444},"end":{"line":1,"column":506}},"13":{"start":{"line":1,"column":467},"end":{"line":1,"column":505}},"14":{"start":{"line":1,"column":651},"end":{"line":1,"column":688}},"15":{"start":{"line":1,"column":664},"end":{"line":1,"column":687}},"16":{"start":{"line":1,"column":688},"end":{"line":1,"column":848}},"17":{"start":{"line":1,"column":741},"end":{"line":1,"column":842}},"18":{"start":{"line":1,"column":745},"end":{"line":1,"column":820}},"19":{"start":{"line":1,"column":830},"end":{"line":1,"column":841}},"20":{"start":{"line":1,"column":852},"end":{"line":1,"column":916}}},"branchMap":{"1":{"line":1,"type":"cond-expr","locations":[{"start":{"line":1,"column":71},"end":{"line":1,"column":72}},{"start":{"line":1,"column":73},"end":{"line":1,"column":86}}]},"2":{"line":1,"type":"binary-expr","locations":[{"start":{"line":1,"column":55},"end":{"line":1,"column":56}},{"start":{"line":1,"column":58},"end":{"line":1,"column":70}}]},"3":{"line":1,"type":"if","locations":[{"start":{"line":1,"column":117},"end":{"line":1,"column":117}},{"start":{"line":1,"column":117},"end":{"line":1,"column":117}}]},"4":{"line":1,"type":"binary-expr","locations":[{"start":{"line":1,"column":346},"end":{"line":1,"column":358}},{"start":{"line":1,"column":360},"end":{"line":1,"column":362}}]},"5":{"line":1,"type":"binary-expr","locations":[{"start":{"line":1,"column":381},"end":{"line":1,"column":392}},{"start":{"line":1,"column":395},"end":{"line":1,"column":408}}]},"6":{"line":1,"type":"binary-expr","locations":[{"start":{"line":1,"column":474},"end":{"line":1,"column":475}},{"start":{"line":1,"column":477},"end":{"line":1,"column":493}}]},"7":{"line":1,"type":"binary-expr","locations":[{"start":{"line":1,"column":494},"end":{"line":1,"column":495}},{"start":{"line":1,"column":497},"end":{"line":1,"column":503}}]}},"l":{"1":3}},
"C:\\Projects\\nodejs\\project-skeleton\\dist\\app\\core\\logger\\LoggerFactory.js":{"path":"C:\\Projects\\nodejs\\project-skeleton\\dist\\app\\core\\logger\\LoggerFactory.js","s":{"1":1,"2":0,"3":0,"4":0,"5":0,"6":1,"7":0,"8":0,"9":0,"10":0,"11":0,"12":1,"13":0,"14":0,"15":0},"b":{"1":[0,0],"2":[0,0],"3":[0,0],"4":[0,0],"5":[0,0]},"f":{"1":0,"2":0,"3":0,"4":0,"5":0,"6":0,"7":0},"fnMap":{"1":{"name":"_classCallCheck","line":1,"loc":{"start":{"line":1,"column":13},"end":{"line":1,"column":42}}},"2":{"name":"(anonymous_2)","line":1,"loc":{"start":{"line":1,"column":193},"end":{"line":1,"column":203}}},"3":{"name":"e","line":1,"loc":{"start":{"line":1,"column":204},"end":{"line":1,"column":219}}},"4":{"name":"(anonymous_4)","line":1,"loc":{"start":{"line":1,"column":377},"end":{"line":1,"column":392}}},"5":{"name":"(anonymous_5)","line":1,"loc":{"start":{"line":1,"column":443},"end":{"line":1,"column":453}}},"6":{"name":"e","line":1,"loc":{"start":{"line":1,"column":454},"end":{"line":1,"column":466}}},"7":{"name":"(anonymous_7)","line":1,"loc":{"start":{"line":1,"column":531},"end":{"line":1,"column":542}}}},"statementMap":{"1":{"start":{"line":1,"column":13},"end":{"line":1,"column":121}},"2":{"start":{"line":1,"column":43},"end":{"line":1,"column":120}},"3":{"start":{"line":1,"column":64},"end":{"line":1,"column":120}},"4":{"start":{"line":1,"column":121},"end":{"line":1,"column":176}},"5":{"start":{"line":1,"column":176},"end":{"line":1,"column":553}},"6":{"start":{"line":1,"column":204},"end":{"line":1,"column":370}},"7":{"start":{"line":1,"column":220},"end":{"line":1,"column":369}},"8":{"start":{"line":1,"column":248},"end":{"line":1,"column":259}},"9":{"start":{"line":1,"column":259},"end":{"line":1,"column":368}},"10":{"start":{"line":1,"column":370},"end":{"line":1,"column":432}},"11":{"start":{"line":1,"column":393},"end":{"line":1,"column":431}},"12":{"start":{"line":1,"column":454},"end":{"line":1,"column":491}},"13":{"start":{"line":1,"column":467},"end":{"line":1,"column":490}},"14":{"start":{"line":1,"column":491},"end":{"line":1,"column":549}},"15":{"start":{"line":1,"column":553},"end":{"line":1,"column":613}}},"branchMap":{"1":{"line":1,"type":"if","locations":[{"start":{"line":1,"column":43},"end":{"line":1,"column":43}},{"start":{"line":1,"column":43},"end":{"line":1,"column":43}}]},"2":{"line":1,"type":"binary-expr","locations":[{"start":{"line":1,"column":272},"end":{"line":1,"column":284}},{"start":{"line":1,"column":286},"end":{"line":1,"column":288}}]},"3":{"line":1,"type":"binary-expr","locations":[{"start":{"line":1,"column":307},"end":{"line":1,"column":318}},{"start":{"line":1,"column":321},"end":{"line":1,"column":334}}]},"4":{"line":1,"type":"binary-expr","locations":[{"start":{"line":1,"column":400},"end":{"line":1,"column":401}},{"start":{"line":1,"column":403},"end":{"line":1,"column":419}}]},"5":{"line":1,"type":"binary-expr","locations":[{"start":{"line":1,"column":420},"end":{"line":1,"column":421}},{"start":{"line":1,"column":423},"end":{"line":1,"column":429}}]}},"l":{"1":1}}}
