TN:
SF:C:\Projects\nodejs\project-skeleton\dist\app\core\conf\ConfReader.js
FN:1,_interopRequireDefault
FN:1,_classCallCheck
FN:1,(anonymous_3)
FN:1,e
FN:1,(anonymous_5)
FN:1,(anonymous_6)
FN:1,e
FN:1,(anonymous_8)
FNF:8
FNH:8
FNDA:2,_interopRequireDefault
FNDA:1,_classCallCheck
FNDA:1,(anonymous_3)
FNDA:1,e
FNDA:1,(anonymous_5)
FNDA:1,(anonymous_6)
FNDA:1,e
FNDA:3,(anonymous_8)
DA:1,3
LF:1
LH:1
BRDA:1,1,0,0
BRDA:1,1,1,2
BRDA:1,2,0,2
BRDA:1,2,1,2
BRDA:1,3,0,0
BRDA:1,3,1,1
BRDA:1,4,0,1
BRDA:1,4,1,1
BRDA:1,5,0,1
BRDA:1,5,1,1
BRDA:1,6,0,1
BRDA:1,6,1,1
BRDA:1,7,0,1
BRDA:1,7,1,0
BRF:14
BRH:11
end_of_record
TN:
SF:C:\Projects\nodejs\project-skeleton\dist\app\core\logger\LoggerFactory.js
FN:1,_classCallCheck
FN:1,(anonymous_2)
FN:1,e
FN:1,(anonymous_4)
FN:1,(anonymous_5)
FN:1,e
FN:1,(anonymous_7)
FNF:7
FNH:0
FNDA:0,_classCallCheck
FNDA:0,(anonymous_2)
FNDA:0,e
FNDA:0,(anonymous_4)
FNDA:0,(anonymous_5)
FNDA:0,e
FNDA:0,(anonymous_7)
DA:1,1
LF:1
LH:1
BRDA:1,1,0,0
BRDA:1,1,1,0
BRDA:1,2,0,0
BRDA:1,2,1,0
BRDA:1,3,0,0
BRDA:1,3,1,0
BRDA:1,4,0,0
BRDA:1,4,1,0
BRDA:1,5,0,0
BRDA:1,5,1,0
BRF:10
BRH:0
end_of_record
